C51 COMPILER V9.60.7.0   MAIN                                                              08/02/2024 09:53:27 PAGE 1   


C51 COMPILER V9.60.7.0, COMPILATION OF MODULE MAIN
OBJECT MODULE PLACED IN .\Objects\main.obj
COMPILER INVOKED BY: E:\Keil5\C51\BIN\C51.EXE main.c OPTIMIZE(8,SPEED) BROWSE DEBUG OBJECTEXTEND PRINT(.\Listings\main.l
                    -st) TABS(2) OBJECT(.\Objects\main.obj)

line level    source

   1          #include <STC89C5xRC.H>
   2          #define SW1 P42
   3          #define SW2 P43
   4          
   5          //需求：独立按键控制LED灯的移动
   6          //延时函数：作用->消除抖动
   7          void Delay10ms()    //@11.0592MHz
   8          {
   9   1        unsigned char i, j;
  10   1      
  11   1        i = 18;
  12   1        j = 235;
  13   1        do
  14   1        {
  15   2          while (--j);
  16   2        } while (--i);
  17   1      }
  18          
  19          void main()
  20          {
  21   1        unsigned char i = 0;   // 局部变量要付给初始值，否则是随机数i
  22   1        P0 = ~0x01;
  23   1        while (1)
  24   1        {
  25   2          if (SW1 == 0)         // 检查按键SW1
  26   2          {
  27   3            Delay10ms();        // 延时消抖
  28   3            while (SW1 == 0);  // 等待按键释放
  29   3            Delay10ms();       // 延时消抖
  30   3              
  31   3            i++;
  32   3            if(i>=8)
  33   3              i=0;
  34   3            
  35   3            P0 = ~(0x01<<i);    
  36   3            }
  37   2          if(SW2 == 0)
  38   2          {
  39   3            Delay10ms();
  40   3            while(SW2 == 0);
  41   3            Delay10ms();
  42   3            
  43   3            if(i==0)
  44   3              i = 7;
  45   3            else
  46   3              i--;
  47   3            P0 = ~(0x01<<i);
  48   3          }
  49   2            
  50   2            
  51   2          }
  52   1      }
  53          

C51 COMPILER V9.60.7.0   MAIN                                                              08/02/2024 09:53:27 PAGE 2   


MODULE INFORMATION:   STATIC OVERLAYABLE
   CODE SIZE        =     85    ----
   CONSTANT SIZE    =   ----    ----
   XDATA SIZE       =   ----    ----
   PDATA SIZE       =   ----    ----
   DATA SIZE        =   ----    ----
   IDATA SIZE       =   ----    ----
   BIT SIZE         =   ----    ----
END OF MODULE INFORMATION.


C51 COMPILATION COMPLETE.  0 WARNING(S),  0 ERROR(S)
